<?xml version="1.0" encoding="UTF-8"?>
<testng-results skipped="0" failed="0" ignored="0" total="1" passed="1">
  <reporter-output>
  </reporter-output>
  <suite name="Surefire suite" duration-ms="14506" started-at="2020-11-19T21:21:39Z" finished-at="2020-11-19T21:21:54Z">
    <groups>
    </groups>
    <test name="Surefire test" duration-ms="14506" started-at="2020-11-19T21:21:39Z" finished-at="2020-11-19T21:21:54Z">
      <class name="com.company.statuspage.StatusPageTest">
        <test-method status="PASS" signature="openBrowser()[pri:0, instance:com.company.statuspage.StatusPageTest@3567135c]" name="openBrowser" is-config="true" duration-ms="13372" started-at="2020-11-19T21:21:40Z" finished-at="2020-11-19T21:21:53Z">
          <reporter-output>
          </reporter-output>
        </test-method> <!-- openBrowser -->
        <test-method status="PASS" signature="test()[pri:0, instance:com.company.statuspage.StatusPageTest@3567135c]" name="test" duration-ms="2" started-at="2020-11-19T21:21:53Z" finished-at="2020-11-19T21:21:53Z">
          <reporter-output>
          </reporter-output>
        </test-method> <!-- test -->
        <test-method status="PASS" signature="tearDown()[pri:0, instance:com.company.statuspage.StatusPageTest@3567135c]" name="tearDown" is-config="true" duration-ms="1079" started-at="2020-11-19T21:21:53Z" finished-at="2020-11-19T21:21:54Z">
          <reporter-output>
          </reporter-output>
        </test-method> <!-- tearDown -->
      </class> <!-- com.company.statuspage.StatusPageTest -->
    </test> <!-- Surefire test -->
  </suite> <!-- Surefire suite -->
</testng-results>
